Traceback (most recent call last):
  File "ELModel_LeafTarget_ProjNorm_v7.py", line 23, in <module>
    from mcmodels.utils import get_aligned_ids
  File "/mnt/beegfs/homes/sjkoelle/mouse_connectivity_models/mcmodels/__init__.py", line 16, in <module>
    from . import core
  File "/mnt/beegfs/homes/sjkoelle/mouse_connectivity_models/mcmodels/core/__init__.py", line 13, in <module>
    from .voxel_model_cache import VoxelModelCache
  File "/mnt/beegfs/homes/sjkoelle/mouse_connectivity_models/mcmodels/core/voxel_model_cache.py", line 16, in <module>
    from ..models.voxel import VoxelConnectivityArray
  File "/mnt/beegfs/homes/sjkoelle/mouse_connectivity_models/mcmodels/models/__init__.py", line 10, in <module>
    from . import homogeneous
  File "/mnt/beegfs/homes/sjkoelle/mouse_connectivity_models/mcmodels/models/homogeneous/__init__.py", line 10, in <module>
    from .homogeneous_model import HomogeneousModel
  File "/mnt/beegfs/homes/sjkoelle/mouse_connectivity_models/mcmodels/models/homogeneous/homogeneous_model.py", line 9, in <module>
    from ...regressors import NonnegativeLinear
  File "/mnt/beegfs/homes/sjkoelle/mouse_connectivity_models/mcmodels/regressors/__init__.py", line 10, in <module>
    from .nonnegative_linear import NonnegativeLinear
  File "/mnt/beegfs/homes/sjkoelle/mouse_connectivity_models/mcmodels/regressors/nonnegative_linear/__init__.py", line 24, in <module>
    from .base import NonnegativeLinear
  File "/mnt/beegfs/homes/sjkoelle/mouse_connectivity_models/mcmodels/regressors/nonnegative_linear/base.py", line 11, in <module>
    from sklearn.linear_model.base import LinearModel, _rescale_data
ModuleNotFoundError: No module named 'sklearn.linear_model.base'
